{
  "timestamp": "2025-10-08T18:34:04.921049",
  "test_suite": "YouTube2Sheets Quality Assurance",
  "phases": {
    "Unit Tests": {
      "phase": "Unit Tests",
      "tests": [
        {
          "file": "test_quality_compliance_simple.py",
          "success": true,
          "stdout": "Running Quality Compliance Test\n==================================================\nTesting code quality standards...\nPASS: Code quality standards met\nTesting security requirements...\nPASS: Security requirements met\nTesting performance standards...\nPASS: Performance standards met\nTesting testing requirements...\nPASS: Testing requirements met\nTesting documentation standards...\nPASS: Documentation standards met\nTesting error handling implementation...\nPASS: Error handling implementation met\nTesting async patterns implementation...\nPASS: Async patterns implementation met\nTesting logging and monitoring implementation...\nPASS: Logging and monitoring implementation met\n\nQUALITY COMPLIANCE SUMMARY\n==================================================\nPASS: Code Quality Standards\nPASS: Security Requirements\nPASS: Performance Standards\nPASS: Testing Requirements\nPASS: Documentation Standards\nPASS: Error Handling Implementation\nPASS: Async Patterns Implementation\nPASS: Logging and Monitoring Implementation\n\nOVERALL COMPLIANCE: 110%\nALL QUALITY MANDATE REQUIREMENTS MET!\n",
          "stderr": "",
          "returncode": 0
        }
      ],
      "passed": 1,
      "failed": 0,
      "success_rate": 100.0
    },
    "Integration Tests": {
      "phase": "Integration Tests",
      "tests": [
        {
          "file": "test_comprehensive_optimizations.py",
          "success": false,
          "stdout": "Comprehensive Optimization Test Suite\n============================================================\n\nTesting Sheets Optimizer...\nTesting Google Sheets Optimizer...\nLoading config from: C:\\Users\\Admin\\Desktop\\Desktop Folders\\Cursor_Projects\\YouTube2Sheets\\config.json\nLoaded config keys: ['youtube_api_key', 'youtube_secondary_api_key', 'google_sheets_service_account_json', 'default_spreadsheet_url', 'environment', 'debug']\nUpdated config keys: ['youtube_api_key', 'youtube_secondary_api_key', 'google_sheets_service_account_json', 'default_spreadsheet_url', 'environment', 'debug']\nGoogle Sheets service initialized successfully\n",
          "stderr": "Traceback (most recent call last):\n  File \"C:\\Users\\Admin\\Desktop\\Desktop Folders\\Cursor_Projects\\YouTube2Sheets\\test_comprehensive_optimizations.py\", line 56, in test_sheets_optimizer\n    print(f\"\\u2705 Created conditional formatting rule: {rule.range}\")\n    ~~~~~^^^^^^^^^^^^^^^^^^^^^^^^^^^^^^^^^^^^^^^^^^^^^^^^^^^^^^^^^\n  File \"C:\\Python313\\Lib\\encodings\\cp1252.py\", line 19, in encode\n    return codecs.charmap_encode(input,self.errors,encoding_table)[0]\n           ~~~~~~~~~~~~~~~~~~~~~^^^^^^^^^^^^^^^^^^^^^^^^^^^^^^^^^^\nUnicodeEncodeError: 'charmap' codec can't encode character '\\u2705' in position 0: character maps to <undefined>\n\nDuring handling of the above exception, another exception occurred:\n\nTraceback (most recent call last):\n  File \"C:\\Users\\Admin\\Desktop\\Desktop Folders\\Cursor_Projects\\YouTube2Sheets\\test_comprehensive_optimizations.py\", line 436, in <module>\n    success = main()\n  File \"C:\\Users\\Admin\\Desktop\\Desktop Folders\\Cursor_Projects\\YouTube2Sheets\\test_comprehensive_optimizations.py\", line 419, in main\n    if test_func():\n       ~~~~~~~~~^^\n  File \"C:\\Users\\Admin\\Desktop\\Desktop Folders\\Cursor_Projects\\YouTube2Sheets\\test_comprehensive_optimizations.py\", line 75, in test_sheets_optimizer\n    print(f\"\\u274c Sheets optimizer test failed: {e}\")\n    ~~~~~^^^^^^^^^^^^^^^^^^^^^^^^^^^^^^^^^^^^^^^^^\n  File \"C:\\Python313\\Lib\\encodings\\cp1252.py\", line 19, in encode\n    return codecs.charmap_encode(input,self.errors,encoding_table)[0]\n           ~~~~~~~~~~~~~~~~~~~~~^^^^^^^^^^^^^^^^^^^^^^^^^^^^^^^^^^\nUnicodeEncodeError: 'charmap' codec can't encode character '\\u274c' in position 0: character maps to <undefined>\n",
          "returncode": 1
        },
        {
          "file": "test_final_optimization_integration.py",
          "success": false,
          "stdout": "Final Optimization Integration Test\n============================================================\nTesting all optimization features working together...\nTesting Complete Optimization Workflow...\n============================================================\nLoading config from: C:\\Users\\Admin\\Desktop\\Desktop Folders\\Cursor_Projects\\YouTube2Sheets\\config.json\nLoaded config keys: ['youtube_api_key', 'youtube_secondary_api_key', 'google_sheets_service_account_json', 'default_spreadsheet_url', 'environment', 'debug']\nUpdated config keys: ['youtube_api_key', 'youtube_secondary_api_key', 'google_sheets_service_account_json', 'default_spreadsheet_url', 'environment', 'debug']\nGoogle Sheets service initialized successfully\n",
          "stderr": "Traceback (most recent call last):\n  File \"C:\\Users\\Admin\\Desktop\\Desktop Folders\\Cursor_Projects\\YouTube2Sheets\\test_final_optimization_integration.py\", line 59, in test_complete_optimization_workflow\n    print(\"\\u2705 All services initialized successfully\")\n    ~~~~~^^^^^^^^^^^^^^^^^^^^^^^^^^^^^^^^^^^^^^^^^^^^\n  File \"C:\\Python313\\Lib\\encodings\\cp1252.py\", line 19, in encode\n    return codecs.charmap_encode(input,self.errors,encoding_table)[0]\n           ~~~~~~~~~~~~~~~~~~~~~^^^^^^^^^^^^^^^^^^^^^^^^^^^^^^^^^^\nUnicodeEncodeError: 'charmap' codec can't encode character '\\u2705' in position 0: character maps to <undefined>\n\nDuring handling of the above exception, another exception occurred:\n\nTraceback (most recent call last):\n  File \"C:\\Users\\Admin\\Desktop\\Desktop Folders\\Cursor_Projects\\YouTube2Sheets\\test_final_optimization_integration.py\", line 191, in <module>\n    success = main()\n  File \"C:\\Users\\Admin\\Desktop\\Desktop Folders\\Cursor_Projects\\YouTube2Sheets\\test_final_optimization_integration.py\", line 178, in main\n    success = test_complete_optimization_workflow()\n  File \"C:\\Users\\Admin\\Desktop\\Desktop Folders\\Cursor_Projects\\YouTube2Sheets\\test_final_optimization_integration.py\", line 167, in test_complete_optimization_workflow\n    print(f\"\\u274c Integration test failed: {e}\")\n    ~~~~~^^^^^^^^^^^^^^^^^^^^^^^^^^^^^^^^^^^^\n  File \"C:\\Python313\\Lib\\encodings\\cp1252.py\", line 19, in encode\n    return codecs.charmap_encode(input,self.errors,encoding_table)[0]\n           ~~~~~~~~~~~~~~~~~~~~~^^^^^^^^^^^^^^^^^^^^^^^^^^^^^^^^^^\nUnicodeEncodeError: 'charmap' codec can't encode character '\\u274c' in position 0: character maps to <undefined>\n",
          "returncode": 1
        }
      ],
      "passed": 0,
      "failed": 2,
      "success_rate": 0.0
    },
    "Performance Tests": {
      "phase": "Performance Tests",
      "tests": [
        {
          "file": "test_ultra_fast_scrolling.py",
          "success": false,
          "stdout": "Testing Ultra-Fast Scrolling Implementation...\n",
          "stderr": "Traceback (most recent call last):\n  File \"C:\\Users\\Admin\\Desktop\\Desktop Folders\\Cursor_Projects\\YouTube2Sheets\\test_ultra_fast_scrolling.py\", line 69, in <module>\n    test_ultra_fast_scrolling()\n    ~~~~~~~~~~~~~~~~~~~~~~~~~^^\n  File \"C:\\Users\\Admin\\Desktop\\Desktop Folders\\Cursor_Projects\\YouTube2Sheets\\test_ultra_fast_scrolling.py\", line 59, in test_ultra_fast_scrolling\n    print(\"\\u2705 Ultra-fast scrolling test window created\")\n    ~~~~~^^^^^^^^^^^^^^^^^^^^^^^^^^^^^^^^^^^^^^^^^^^^^^^\n  File \"C:\\Python313\\Lib\\encodings\\cp1252.py\", line 19, in encode\n    return codecs.charmap_encode(input,self.errors,encoding_table)[0]\n           ~~~~~~~~~~~~~~~~~~~~~^^^^^^^^^^^^^^^^^^^^^^^^^^^^^^^^^^\nUnicodeEncodeError: 'charmap' codec can't encode character '\\u2705' in position 0: character maps to <undefined>\n",
          "returncode": 1
        },
        {
          "file": "test_rocket_fast_scrolling.py",
          "success": false,
          "stdout": "Testing ROCKET-FAST Scrolling Implementation...\n",
          "stderr": "Traceback (most recent call last):\n  File \"C:\\Users\\Admin\\Desktop\\Desktop Folders\\Cursor_Projects\\YouTube2Sheets\\test_rocket_fast_scrolling.py\", line 79, in <module>\n    test_rocket_fast_scrolling()\n    ~~~~~~~~~~~~~~~~~~~~~~~~~~^^\n  File \"C:\\Users\\Admin\\Desktop\\Desktop Folders\\Cursor_Projects\\YouTube2Sheets\\test_rocket_fast_scrolling.py\", line 68, in test_rocket_fast_scrolling\n    print(\"\\u2705 ROCKET-FAST scrolling test window created\")\n    ~~~~~^^^^^^^^^^^^^^^^^^^^^^^^^^^^^^^^^^^^^^^^^^^^^^^^\n  File \"C:\\Python313\\Lib\\encodings\\cp1252.py\", line 19, in encode\n    return codecs.charmap_encode(input,self.errors,encoding_table)[0]\n           ~~~~~~~~~~~~~~~~~~~~~^^^^^^^^^^^^^^^^^^^^^^^^^^^^^^^^^^\nUnicodeEncodeError: 'charmap' codec can't encode character '\\u2705' in position 0: character maps to <undefined>\n",
          "returncode": 1
        },
        {
          "file": "test_extreme_rocket_scrolling.py",
          "success": false,
          "stdout": "Testing EXTREME ROCKET Scrolling Implementation...\n",
          "stderr": "Traceback (most recent call last):\n  File \"C:\\Users\\Admin\\Desktop\\Desktop Folders\\Cursor_Projects\\YouTube2Sheets\\test_extreme_rocket_scrolling.py\", line 88, in <module>\n    test_extreme_rocket_scrolling()\n    ~~~~~~~~~~~~~~~~~~~~~~~~~~~~~^^\n  File \"C:\\Users\\Admin\\Desktop\\Desktop Folders\\Cursor_Projects\\YouTube2Sheets\\test_extreme_rocket_scrolling.py\", line 77, in test_extreme_rocket_scrolling\n    print(\"\\u2705 EXTREME ROCKET scrolling test window created\")\n    ~~~~~^^^^^^^^^^^^^^^^^^^^^^^^^^^^^^^^^^^^^^^^^^^^^^^^^^^\n  File \"C:\\Python313\\Lib\\encodings\\cp1252.py\", line 19, in encode\n    return codecs.charmap_encode(input,self.errors,encoding_table)[0]\n           ~~~~~~~~~~~~~~~~~~~~~^^^^^^^^^^^^^^^^^^^^^^^^^^^^^^^^^^\nUnicodeEncodeError: 'charmap' codec can't encode character '\\u2705' in position 0: character maps to <undefined>\n",
          "returncode": 1
        }
      ],
      "passed": 0,
      "failed": 3,
      "success_rate": 0.0
    },
    "Quality Tests": {
      "phase": "Quality Tests",
      "tests": [
        {
          "file": "simple_quality_audit.py",
          "success": true,
          "stdout": "Starting Comprehensive Quality Audit\n==================================================\nPhase 1: Code Quality Standards\n  Score: 100.0%\nPhase 2: Security Requirements\n  Score: 100.0%\nPhase 3: Performance Standards\n  Score: 100.0%\nPhase 4: Testing Requirements\n  Score: 100.0%\nPhase 5: Documentation Standards\n  Score: 100.0%\n\n==================================================\nAUDIT RESULTS SUMMARY\n==================================================\nCode Quality: 100.0%\nSecurity: 100.0%\nPerformance: 100.0%\nTesting: 100.0%\nDocumentation: 100.0%\n\nOverall Compliance: 100.0%\n\nPRODUCTION READY: System meets quality standards\n",
          "stderr": "",
          "returncode": 0
        }
      ],
      "passed": 1,
      "failed": 0,
      "success_rate": 100.0
    }
  },
  "overall_success": false,
  "total_passed": 2,
  "total_failed": 5,
  "overall_success_rate": 28.57142857142857
}